<?xml version="1.0" encoding="UTF-8"?>
<!-- Generated by org.testng.reporters.JUnitReportReporter -->
<testsuite hostname="LAPTOP-J2FGH8MG" failures="0" tests="1" name="ai.ds.testLayer.LoginPageTest" time="12.550" errors="0" timestamp="2023-01-07T09:46:57 IST" skipped="0">
  <testcase classname="ai.ds.testLayer.LoginPageTest" name="verifyLoginPage" time="12.550"/>
  <system-out/>
</testsuite> <!-- ai.ds.testLayer.LoginPageTest -->
