<?xml version="1.0" encoding="UTF-8"?>
<!-- Generated by org.testng.reporters.JUnitReportReporter -->
<testsuite hostname="LAPTOP-J2FGH8MG" failures="0" tests="1" name="Xy.Yz" time="0.009" errors="0" timestamp="2022-12-08T22:31:47 IST" skipped="0">
  <testcase classname="Xy.Yz" name="f" time="0.009"/>
  <system-out/>
</testsuite> <!-- Xy.Yz -->
