<?xml version="1.0" encoding="UTF-8"?>
<!-- Generated by org.testng.reporters.JUnitReportReporter -->
<testsuite hostname="LAPTOP-J2FGH8MG" failures="0" tests="1" name="ai.ds.testBase.TestBase" time="9.882" errors="0" timestamp="2022-12-28T22:56:37 IST" skipped="0">
  <testcase classname="ai.ds.testBase.TestBase" name="setup" time="9.882"/>
  <system-out/>
</testsuite> <!-- ai.ds.testBase.TestBase -->
